<?xml version="1.0" encoding="UTF-8"?>
<testsuite xmlns:xsi="http://www.w3.org/2001/XMLSchema-instance" xsi:noNamespaceSchemaLocation="https://maven.apache.org/surefire/maven-surefire-plugin/xsd/surefire-test-report.xsd" version="3.0.2" name="com.itheima.controller.DeptControllerTest" time="6.301" tests="5" errors="0" skipped="0" failures="0" flakes="0">
  <properties>
[...]
</properties>
  <testcase name="addShouldAcceptJsonBody" classname="com.itheima.controller.DeptControllerTest" time="0.386">
    <system-out><![CDATA[
  .   ____          _            __ _ _
 /\\ / ___'_ __ _ _(_)_ __  __ _ \ \ \ \
( ( )\___ | '_ | '_| | '_ \/ _` | \ \ \ \
 \\/  ___)| |_)| | | | | || (_| |  ) ) ) )
  '  |____| .__|_| |_|_| |_\__, | / / / /
 =========|_|==============|___/=/_/_/_/

 :: Spring Boot ::               (v3.5.12)

添加部门
]]></system-out>
    <system-err><![CDATA[Mockito is currently self-attaching to enable the inline-mock-maker. This will no longer work in future releases of the JDK. Please add Mockito as an agent to your build as described in Mockito's documentation: https://javadoc.io/doc/org.mockito/mockito-core/latest/org.mockito/org/mockito/Mockito.html#0.3
WARNING: A Java agent has been loaded dynamically (D:\apache-maven-3.9.12\mvn_repo\net\bytebuddy\byte-buddy-agent\1.17.8\byte-buddy-agent-1.17.8.jar)
WARNING: If a serviceability tool is in use, please run with -XX:+EnableDynamicAgentLoading to hide this warning
WARNING: If a serviceability tool is not in use, please run with -Djdk.instrument.traceUsage for more information
WARNING: Dynamic loading of agents will be disallowed by default in a future release
]]></system-err>
  </testcase>
  <testcase name="listShouldReturnDepartmentDataAsJson" classname="com.itheima.controller.DeptControllerTest" time="0.032">
    <system-out><![CDATA[查询全部部门的数据
]]></system-out>
  </testcase>
  <testcase name="deleteShouldAcceptQueryParameterId" classname="com.itheima.controller.DeptControllerTest" time="0.025">
    <system-out><![CDATA[删除部门id为：1
]]></system-out>
  </testcase>
  <testcase name="getByIdShouldReturnDepartmentWhenExists" classname="com.itheima.controller.DeptControllerTest" time="0.017"/>
  <testcase name="addShouldReturnErrorWhenNameAlreadyExists" classname="com.itheima.controller.DeptControllerTest" time="0.017">
    <system-out><![CDATA[添加部门
]]></system-out>
  </testcase>
</testsuite>